
**** Build of configuration Debug for project CommandShell ****

make all 
Building file: ../Path.cpp
Invoking: Cross G++ Compiler
g++ -O0 -g3 -Wall -c -fmessage-length=0 -MMD -MP -MF"Path.d" -MT"Path.d" -o "Path.o" "../Path.cpp"
Finished building: ../Path.cpp
 
Building file: ../Prompt.cpp
Invoking: Cross G++ Compiler
g++ -O0 -g3 -Wall -c -fmessage-length=0 -MMD -MP -MF"Prompt.d" -MT"Prompt.d" -o "Prompt.o" "../Prompt.cpp"
Finished building: ../Prompt.cpp
 
Building file: ../testGetENV.cpp
Invoking: Cross G++ Compiler
g++ -O0 -g3 -Wall -c -fmessage-length=0 -MMD -MP -MF"testGetENV.d" -MT"testGetENV.d" -o "testGetENV.o" "../testGetENV.cpp"
Finished building: ../testGetENV.cpp
 
Building file: ../testPath.cpp
Invoking: Cross G++ Compiler
g++ -O0 -g3 -Wall -c -fmessage-length=0 -MMD -MP -MF"testPath.d" -MT"testPath.d" -o "testPath.o" "../testPath.cpp"
Finished building: ../testPath.cpp
 
Building file: ../testPrompt.cpp
Invoking: Cross G++ Compiler
g++ -O0 -g3 -Wall -c -fmessage-length=0 -MMD -MP -MF"testPrompt.d" -MT"testPrompt.d" -o "testPrompt.o" "../testPrompt.cpp"
Finished building: ../testPrompt.cpp
 
Building target: CommandShell
Invoking: Cross G++ Linker
g++  -o "CommandShell"  ./Path.o ./Prompt.o ./testGetENV.o ./testPath.o ./testPrompt.o   
Finished building target: CommandShell
 

**** Build Finished ****
