
**** Build of configuration Debug for project CommandShell ****

make all 
Building file: ../Path.cpp
Invoking: Cross G++ Compiler
g++ -O0 -g3 -Wall -c -fmessage-length=0 -MMD -MP -MF"Path.d" -MT"Path.d" -o "Path.o" "../Path.cpp"
In file included from ../Path.cpp:8:0:
../Path.h:17:2: error: ‘string’ does not name a type
../Path.cpp:12:12: error: definition of ‘Path::Path()’ is not in namespace enclosing ‘Path’ [-fpermissive]
../Path.cpp:17:13: error: definition of ‘Path::~Path()’ is not in namespace enclosing ‘Path’ [-fpermissive]
make: *** [Path.o] Error 1

**** Build Finished ****

**** Build of configuration Debug for project CommandShell ****

make all 
Building file: ../Path.cpp
Invoking: Cross G++ Compiler
g++ -O0 -g3 -Wall -c -fmessage-length=0 -MMD -MP -MF"Path.d" -MT"Path.d" -o "Path.o" "../Path.cpp"
Finished building: ../Path.cpp
 
Building file: ../Prompt.cpp
Invoking: Cross G++ Compiler
g++ -O0 -g3 -Wall -c -fmessage-length=0 -MMD -MP -MF"Prompt.d" -MT"Prompt.d" -o "Prompt.o" "../Prompt.cpp"
In file included from ../Prompt.cpp:8:0:
../Prompt.h:16:2: error: ‘string’ does not name a type
../Prompt.cpp:12:16: error: definition of ‘Prompt::Prompt()’ is not in namespace enclosing ‘Prompt’ [-fpermissive]
../Prompt.cpp:17:17: error: definition of ‘Prompt::~Prompt()’ is not in namespace enclosing ‘Prompt’ [-fpermissive]
make: *** [Prompt.o] Error 1

**** Build Finished ****

**** Build of configuration Debug for project CommandShell ****

make all 
Building file: ../Prompt.cpp
Invoking: Cross G++ Compiler
g++ -O0 -g3 -Wall -c -fmessage-length=0 -MMD -MP -MF"Prompt.d" -MT"Prompt.d" -o "Prompt.o" "../Prompt.cpp"
In file included from ../Prompt.cpp:8:0:
../Prompt.h:16:2: error: ‘string’ does not name a type
make: *** [Prompt.o] Error 1

**** Build Finished ****

**** Build of configuration Debug for project CommandShell ****

make all 
Building file: ../Prompt.cpp
Invoking: Cross G++ Compiler
g++ -O0 -g3 -Wall -c -fmessage-length=0 -MMD -MP -MF"Prompt.d" -MT"Prompt.d" -o "Prompt.o" "../Prompt.cpp"
Finished building: ../Prompt.cpp
 
Building target: CommandShell
Invoking: Cross G++ Linker
g++  -o "CommandShell"  ./Path.o ./Prompt.o   
/usr/lib/gcc/x86_64-linux-gnu/4.6/../../../x86_64-linux-gnu/crt1.o: In function `_start':
(.text+0x20): undefined reference to `main'
collect2: ld returned 1 exit status
make: *** [CommandShell] Error 1

**** Build Finished ****

**** Build of configuration Debug for project CommandShell ****

make all 
Building file: ../Path.cpp
Invoking: Cross G++ Compiler
g++ -O0 -g3 -Wall -c -fmessage-length=0 -MMD -MP -MF"Path.d" -MT"Path.d" -o "Path.o" "../Path.cpp"
In file included from ../Path.cpp:8:0:
../Path.h:18:17: error: ‘string’ does not name a type
../Path.h:18:25: error: ISO C++ forbids declaration of ‘program’ with no type [-fpermissive]
../Path.h:19:2: error: ‘string’ does not name a type
../Path.h:22:2: error: ‘vector’ does not name a type
../Path.cpp:22:16: error: ‘string’ does not name a type
../Path.cpp:22:24: error: ISO C++ forbids declaration of ‘program’ with no type [-fpermissive]
../Path.cpp:22:33: error: non-member function ‘int find(const int&)’ cannot have cv-qualifier
../Path.cpp:29:1: error: ‘string’ does not name a type
make: *** [Path.o] Error 1

**** Build Finished ****

**** Build of configuration Debug for project CommandShell ****

make all 
Building file: ../Path.cpp
Invoking: Cross G++ Compiler
g++ -O0 -g3 -Wall -c -fmessage-length=0 -MMD -MP -MF"Path.d" -MT"Path.d" -o "Path.o" "../Path.cpp"
In file included from ../Path.cpp:8:0:
../Path.h:18:17: error: ‘string’ does not name a type
../Path.h:18:25: error: ISO C++ forbids declaration of ‘program’ with no type [-fpermissive]
../Path.h:19:2: error: ‘string’ does not name a type
../Path.h:22:2: error: ‘vector’ does not name a type
../Path.cpp:22:16: error: ‘string’ does not name a type
../Path.cpp:22:24: error: ISO C++ forbids declaration of ‘program’ with no type [-fpermissive]
../Path.cpp:22:33: error: non-member function ‘int find(const int&)’ cannot have cv-qualifier
../Path.cpp:29:1: error: ‘string’ does not name a type
make: *** [Path.o] Error 1

**** Build Finished ****

**** Build of configuration Debug for project CommandShell ****

make all 
Building file: ../Path.cpp
Invoking: Cross G++ Compiler
g++ -O0 -g3 -Wall -c -fmessage-length=0 -MMD -MP -MF"Path.d" -MT"Path.d" -o "Path.o" "../Path.cpp"
In file included from ../Path.cpp:8:0:
../Path.h:18:17: error: ‘string’ does not name a type
../Path.h:18:25: error: ISO C++ forbids declaration of ‘program’ with no type [-fpermissive]
../Path.h:19:2: error: ‘string’ does not name a type
../Path.h:22:2: error: ‘vector’ does not name a type
../Path.cpp:22:16: error: ‘string’ does not name a type
../Path.cpp:22:24: error: ISO C++ forbids declaration of ‘program’ with no type [-fpermissive]
../Path.cpp:22:33: error: non-member function ‘int find(const int&)’ cannot have cv-qualifier
../Path.cpp:29:1: error: ‘string’ does not name a type
make: *** [Path.o] Error 1

**** Build Finished ****

**** Build of configuration Debug for project CommandShell ****

make all 
Building file: ../Path.cpp
Invoking: Cross G++ Compiler
g++ -O0 -g3 -Wall -c -fmessage-length=0 -MMD -MP -MF"Path.d" -MT"Path.d" -o "Path.o" "../Path.cpp"
In file included from ../Path.cpp:8:0:
../Path.h:18:17: error: ‘string’ does not name a type
../Path.h:18:25: error: ISO C++ forbids declaration of ‘program’ with no type [-fpermissive]
../Path.h:19:2: error: ‘string’ does not name a type
../Path.cpp:22:16: error: ‘string’ does not name a type
../Path.cpp:22:24: error: ISO C++ forbids declaration of ‘program’ with no type [-fpermissive]
../Path.cpp:22:33: error: non-member function ‘int find(const int&)’ cannot have cv-qualifier
../Path.cpp:29:1: error: ‘string’ does not name a type
make: *** [Path.o] Error 1

**** Build Finished ****

**** Build of configuration Debug for project CommandShell ****

make all 
Building file: ../Path.cpp
Invoking: Cross G++ Compiler
g++ -O0 -g3 -Wall -c -fmessage-length=0 -MMD -MP -MF"Path.d" -MT"Path.d" -o "Path.o" "../Path.cpp"
../Path.cpp:22:33: error: non-member function ‘int find(const string&)’ cannot have cv-qualifier
../Path.cpp:29:28: error: non-member function ‘std::string getDirectory(int)’ cannot have cv-qualifier
make: *** [Path.o] Error 1

**** Build Finished ****

**** Build of configuration Debug for project CommandShell ****

make all 
Building file: ../Path.cpp
Invoking: Cross G++ Compiler
g++ -O0 -g3 -Wall -c -fmessage-length=0 -MMD -MP -MF"Path.d" -MT"Path.d" -o "Path.o" "../Path.cpp"
../Path.cpp: In constructor ‘Path::Path()’:
../Path.cpp:15:34: error: no match for ‘operator=’ in ‘((Path*)this)->Path::myDirectories = getenv(((const char*)"PATH"))’
../Path.cpp:15:34: note: candidate is:
/usr/include/c++/4.6/bits/vector.tcc:161:5: note: std::vector<_Tp, _Alloc>& std::vector<_Tp, _Alloc>::operator=(const std::vector<_Tp, _Alloc>&) [with _Tp = std::basic_string<char>, _Alloc = std::allocator<std::basic_string<char> >]
/usr/include/c++/4.6/bits/vector.tcc:161:5: note:   no known conversion for argument 1 from ‘char*’ to ‘const std::vector<std::basic_string<char> >&’
../Path.cpp: At global scope:
../Path.cpp:22:34: error: non-member function ‘int find(const string&)’ cannot have cv-qualifier
../Path.cpp: In function ‘int find(const string&)’:
../Path.cpp:24:1: warning: no return statement in function returning non-void [-Wreturn-type]
../Path.cpp: At global scope:
../Path.cpp:29:34: error: non-member function ‘std::string getDirectory(int)’ cannot have cv-qualifier
../Path.cpp: In function ‘std::string getDirectory(int)’:
../Path.cpp:30:9: error: ‘myDirectories’ was not declared in this scope
../Path.cpp:31:1: warning: control reaches end of non-void function [-Wreturn-type]
make: *** [Path.o] Error 1

**** Build Finished ****

**** Build of configuration Debug for project CommandShell ****

make all 
Building file: ../Path.cpp
Invoking: Cross G++ Compiler
g++ -O0 -g3 -Wall -c -fmessage-length=0 -MMD -MP -MF"Path.d" -MT"Path.d" -o "Path.o" "../Path.cpp"
../Path.cpp: In constructor ‘Path::Path()’:
../Path.cpp:15:34: error: no match for ‘operator=’ in ‘((Path*)this)->Path::myDirectories = getenv(((const char*)"PATH"))’
../Path.cpp:15:34: note: candidate is:
/usr/include/c++/4.6/bits/vector.tcc:161:5: note: std::vector<_Tp, _Alloc>& std::vector<_Tp, _Alloc>::operator=(const std::vector<_Tp, _Alloc>&) [with _Tp = std::basic_string<char>, _Alloc = std::allocator<std::basic_string<char> >]
/usr/include/c++/4.6/bits/vector.tcc:161:5: note:   no known conversion for argument 1 from ‘char*’ to ‘const std::vector<std::basic_string<char> >&’
../Path.cpp: At global scope:
../Path.cpp:22:34: error: non-member function ‘int find(const string&)’ cannot have cv-qualifier
../Path.cpp: In function ‘int find(const string&)’:
../Path.cpp:24:1: warning: no return statement in function returning non-void [-Wreturn-type]
../Path.cpp: At global scope:
../Path.cpp:29:34: error: non-member function ‘std::string getDirectory(int)’ cannot have cv-qualifier
../Path.cpp: In function ‘std::string getDirectory(int)’:
../Path.cpp:30:9: error: ‘myDirectories’ was not declared in this scope
../Path.cpp:31:1: warning: control reaches end of non-void function [-Wreturn-type]
make: *** [Path.o] Error 1

**** Build Finished ****

**** Build of configuration Debug for project CommandShell ****

make all 
Building file: ../Path.cpp
Invoking: Cross G++ Compiler
g++ -O0 -g3 -Wall -c -fmessage-length=0 -MMD -MP -MF"Path.d" -MT"Path.d" -o "Path.o" "../Path.cpp"
../Path.cpp: In member function ‘int Path::find(const string&) const’:
../Path.cpp:24:1: warning: no return statement in function returning non-void [-Wreturn-type]
Finished building: ../Path.cpp
 
Building file: ../Prompt.cpp
Invoking: Cross G++ Compiler
g++ -O0 -g3 -Wall -c -fmessage-length=0 -MMD -MP -MF"Prompt.d" -MT"Prompt.d" -o "Prompt.o" "../Prompt.cpp"
Finished building: ../Prompt.cpp
 
Building target: CommandShell
Invoking: Cross G++ Linker
g++  -o "CommandShell"  ./Path.o ./Prompt.o   
/usr/lib/gcc/x86_64-linux-gnu/4.6/../../../x86_64-linux-gnu/crt1.o: In function `_start':
(.text+0x20): undefined reference to `main'
collect2: ld returned 1 exit status
make: *** [CommandShell] Error 1

**** Build Finished ****

**** Build of configuration Debug for project CommandShell ****

make all 
Building file: ../Path.cpp
Invoking: Cross G++ Compiler
g++ -O0 -g3 -Wall -c -fmessage-length=0 -MMD -MP -MF"Path.d" -MT"Path.d" -o "Path.o" "../Path.cpp"
../Path.cpp: In member function ‘int Path::find(const string&) const’:
../Path.cpp:23:23: error: expected primary-expression before ‘)’ token
../Path.cpp:23:23: error: expected ‘;’ before ‘)’ token
../Path.cpp:24:1: error: expected primary-expression before ‘}’ token
../Path.cpp:24:1: error: expected ‘;’ before ‘}’ token
../Path.cpp:24:1: warning: no return statement in function returning non-void [-Wreturn-type]
make: *** [Path.o] Error 1

**** Build Finished ****

**** Build of configuration Debug for project CommandShell ****

make all 
Building file: ../Path.cpp
Invoking: Cross G++ Compiler
g++ -O0 -g3 -Wall -c -fmessage-length=0 -MMD -MP -MF"Path.d" -MT"Path.d" -o "Path.o" "../Path.cpp"
Finished building: ../Path.cpp
 
Building target: CommandShell
Invoking: Cross G++ Linker
g++  -o "CommandShell"  ./Path.o ./Prompt.o   
/usr/lib/gcc/x86_64-linux-gnu/4.6/../../../x86_64-linux-gnu/crt1.o: In function `_start':
(.text+0x20): undefined reference to `main'
collect2: ld returned 1 exit status
make: *** [CommandShell] Error 1

**** Build Finished ****

**** Build of configuration Debug for project CommandShell ****

make all 
Building file: ../Path.cpp
Invoking: Cross G++ Compiler
g++ -O0 -g3 -Wall -c -fmessage-length=0 -MMD -MP -MF"Path.d" -MT"Path.d" -o "Path.o" "../Path.cpp"
Finished building: ../Path.cpp
 
Building file: ../testGetENV.cpp
Invoking: Cross G++ Compiler
g++ -O0 -g3 -Wall -c -fmessage-length=0 -MMD -MP -MF"testGetENV.d" -MT"testGetENV.d" -o "testGetENV.o" "../testGetENV.cpp"
Finished building: ../testGetENV.cpp
 
Building target: CommandShell
Invoking: Cross G++ Linker
g++  -o "CommandShell"  ./Path.o ./Prompt.o ./testGetENV.o   
Finished building target: CommandShell
 

**** Build Finished ****

**** Build of configuration Debug for project CommandShell ****

make all 
make: Nothing to be done for `all'.

**** Build Finished ****

**** Build of configuration Debug for project CommandShell ****

make all 
make: Nothing to be done for `all'.

**** Build Finished ****

**** Build of configuration Debug for project CommandShell ****

make all 
make: Nothing to be done for `all'.

**** Build Finished ****

**** Build of configuration Debug for project CommandShell ****

make all 
Building file: ../Path.cpp
Invoking: Cross G++ Compiler
g++ -O0 -g3 -Wall -c -fmessage-length=0 -MMD -MP -MF"Path.d" -MT"Path.d" -o "Path.o" "../Path.cpp"
../Path.cpp: In constructor ‘Path::Path()’:
../Path.cpp:21:22: error: no match for ‘operator!=’ in ‘listOfDirs != 0l’
../Path.cpp:21:22: note: candidates are:
/usr/include/c++/4.6/bits/stl_pair.h:214:5: note: template<class _T1, class _T2> bool std::operator!=(const std::pair<_T1, _T2>&, const std::pair<_T1, _T2>&)
/usr/include/c++/4.6/bits/stl_iterator.h:297:5: note: template<class _Iterator> bool std::operator!=(const std::reverse_iterator<_Iterator>&, const std::reverse_iterator<_Iterator>&)
/usr/include/c++/4.6/bits/stl_iterator.h:347:5: note: template<class _IteratorL, class _IteratorR> bool std::operator!=(const std::reverse_iterator<_IteratorL>&, const std::reverse_iterator<_IteratorR>&)
/usr/include/c++/4.6/bits/postypes.h:223:5: note: template<class _StateT> bool std::operator!=(const std::fpos<_StateT>&, const std::fpos<_StateT>&)
/usr/include/c++/4.6/bits/allocator.h:132:5: note: template<class _T1, class _T2> bool std::operator!=(const std::allocator<_T1>&, const std::allocator<_T2>&)
/usr/include/c++/4.6/bits/allocator.h:137:5: note: template<class _Tp> bool std::operator!=(const std::allocator<_Tp1>&, const std::allocator<_Tp1>&)
/usr/include/c++/4.6/bits/basic_string.h:2473:5: note: template<class _CharT, class _Traits, class _Alloc> bool std::operator!=(const std::basic_string<_CharT, _Traits, _Alloc>&, const std::basic_string<_CharT, _Traits, _Alloc>&)
/usr/include/c++/4.6/bits/basic_string.h:2485:5: note: template<class _CharT, class _Traits, class _Alloc> bool std::operator!=(const _CharT*, const std::basic_string<_CharT, _Traits, _Alloc>&)
/usr/include/c++/4.6/bits/basic_string.h:2497:5: note: template<class _CharT, class _Traits, class _Alloc> bool std::operator!=(const std::basic_string<_CharT, _Traits, _Alloc>&, const _CharT*)
/usr/include/c++/4.6/bits/streambuf_iterator.h:200:5: note: template<class _CharT, class _Traits> bool std::operator!=(const std::istreambuf_iterator<_CharT, _Traits>&, const std::istreambuf_iterator<_CharT, _Traits>&)
/usr/include/c++/4.6/bits/stl_vector.h:1297:5: note: template<class _Tp, class _Alloc> bool std::operator!=(const std::vector<_Tp, _Alloc>&, const std::vector<_Tp, _Alloc>&)
/usr/include/c++/4.6/ext/new_allocator.h:128:5: note: template<class _Tp> bool __gnu_cxx::operator!=(const __gnu_cxx::new_allocator<_Tp>&, const __gnu_cxx::new_allocator<_Tp>&)
/usr/include/c++/4.6/bits/stl_iterator.h:817:5: note: template<class _Iterator, class _Container> bool __gnu_cxx::operator!=(const __gnu_cxx::__normal_iterator<_Iterator, _Container>&, const __gnu_cxx::__normal_iterator<_Iterator, _Container>&)
/usr/include/c++/4.6/bits/stl_iterator.h:811:5: note: template<class _IteratorL, class _IteratorR, class _Container> bool __gnu_cxx::operator!=(const __gnu_cxx::__normal_iterator<_IteratorL, _Container>&, const __gnu_cxx::__normal_iterator<_IteratorR, _Container>&)
../Path.cpp:23:24: error: ‘item’ was not declared in this scope
make: *** [Path.o] Error 1

**** Build Finished ****

**** Build of configuration Debug for project CommandShell ****

make all 
Building file: ../Path.cpp
Invoking: Cross G++ Compiler
g++ -O0 -g3 -Wall -c -fmessage-length=0 -MMD -MP -MF"Path.d" -MT"Path.d" -o "Path.o" "../Path.cpp"
../Path.cpp: In constructor ‘Path::Path()’:
../Path.cpp:22:22: error: no match for ‘operator!=’ in ‘listOfDirs != 0l’
../Path.cpp:22:22: note: candidates are:
/usr/include/c++/4.6/bits/stl_pair.h:214:5: note: template<class _T1, class _T2> bool std::operator!=(const std::pair<_T1, _T2>&, const std::pair<_T1, _T2>&)
/usr/include/c++/4.6/bits/stl_iterator.h:297:5: note: template<class _Iterator> bool std::operator!=(const std::reverse_iterator<_Iterator>&, const std::reverse_iterator<_Iterator>&)
/usr/include/c++/4.6/bits/stl_iterator.h:347:5: note: template<class _IteratorL, class _IteratorR> bool std::operator!=(const std::reverse_iterator<_IteratorL>&, const std::reverse_iterator<_IteratorR>&)
/usr/include/c++/4.6/bits/postypes.h:223:5: note: template<class _StateT> bool std::operator!=(const std::fpos<_StateT>&, const std::fpos<_StateT>&)
/usr/include/c++/4.6/bits/allocator.h:132:5: note: template<class _T1, class _T2> bool std::operator!=(const std::allocator<_T1>&, const std::allocator<_T2>&)
/usr/include/c++/4.6/bits/allocator.h:137:5: note: template<class _Tp> bool std::operator!=(const std::allocator<_Tp1>&, const std::allocator<_Tp1>&)
/usr/include/c++/4.6/bits/basic_string.h:2473:5: note: template<class _CharT, class _Traits, class _Alloc> bool std::operator!=(const std::basic_string<_CharT, _Traits, _Alloc>&, const std::basic_string<_CharT, _Traits, _Alloc>&)
/usr/include/c++/4.6/bits/basic_string.h:2485:5: note: template<class _CharT, class _Traits, class _Alloc> bool std::operator!=(const _CharT*, const std::basic_string<_CharT, _Traits, _Alloc>&)
/usr/include/c++/4.6/bits/basic_string.h:2497:5: note: template<class _CharT, class _Traits, class _Alloc> bool std::operator!=(const std::basic_string<_CharT, _Traits, _Alloc>&, const _CharT*)
/usr/include/c++/4.6/bits/streambuf_iterator.h:200:5: note: template<class _CharT, class _Traits> bool std::operator!=(const std::istreambuf_iterator<_CharT, _Traits>&, const std::istreambuf_iterator<_CharT, _Traits>&)
/usr/include/c++/4.6/bits/stl_vector.h:1297:5: note: template<class _Tp, class _Alloc> bool std::operator!=(const std::vector<_Tp, _Alloc>&, const std::vector<_Tp, _Alloc>&)
/usr/include/c++/4.6/ext/new_allocator.h:128:5: note: template<class _Tp> bool __gnu_cxx::operator!=(const __gnu_cxx::new_allocator<_Tp>&, const __gnu_cxx::new_allocator<_Tp>&)
/usr/include/c++/4.6/bits/stl_iterator.h:817:5: note: template<class _Iterator, class _Container> bool __gnu_cxx::operator!=(const __gnu_cxx::__normal_iterator<_Iterator, _Container>&, const __gnu_cxx::__normal_iterator<_Iterator, _Container>&)
/usr/include/c++/4.6/bits/stl_iterator.h:811:5: note: template<class _IteratorL, class _IteratorR, class _Container> bool __gnu_cxx::operator!=(const __gnu_cxx::__normal_iterator<_IteratorL, _Container>&, const __gnu_cxx::__normal_iterator<_IteratorR, _Container>&)
make: *** [Path.o] Error 1

**** Build Finished ****

**** Build of configuration Debug for project CommandShell ****

make all 
Building file: ../Path.cpp
Invoking: Cross G++ Compiler
g++ -O0 -g3 -Wall -c -fmessage-length=0 -MMD -MP -MF"Path.d" -MT"Path.d" -o "Path.o" "../Path.cpp"
Finished building: ../Path.cpp
 
Building target: CommandShell
Invoking: Cross G++ Linker
g++  -o "CommandShell"  ./Path.o ./Prompt.o ./testGetENV.o   
Finished building target: CommandShell
 

**** Build Finished ****

**** Build of configuration Debug for project CommandShell ****

make all 
Building file: ../Path.cpp
Invoking: Cross G++ Compiler
g++ -O0 -g3 -Wall -c -fmessage-length=0 -MMD -MP -MF"Path.d" -MT"Path.d" -o "Path.o" "../Path.cpp"
Finished building: ../Path.cpp
 
Building file: ../testGetENV.cpp
Invoking: Cross G++ Compiler
g++ -O0 -g3 -Wall -c -fmessage-length=0 -MMD -MP -MF"testGetENV.d" -MT"testGetENV.d" -o "testGetENV.o" "../testGetENV.cpp"
Finished building: ../testGetENV.cpp
 
Building target: CommandShell
Invoking: Cross G++ Linker
g++  -o "CommandShell"  ./Path.o ./Prompt.o ./testGetENV.o   
Finished building target: CommandShell
 

**** Build Finished ****

**** Build of configuration Debug for project CommandShell ****

make all 
make: Nothing to be done for `all'.

**** Build Finished ****

**** Build of configuration Debug for project CommandShell ****

make all 
Building file: ../testGetENV.cpp
Invoking: Cross G++ Compiler
g++ -O0 -g3 -Wall -c -fmessage-length=0 -MMD -MP -MF"testGetENV.d" -MT"testGetENV.d" -o "testGetENV.o" "../testGetENV.cpp"
../testGetENV.cpp: In function ‘int main()’:
../testGetENV.cpp:22:5: error: ‘cout’ was not declared in this scope
../testGetENV.cpp:22:22: error: ‘flush’ was not declared in this scope
make: *** [testGetENV.o] Error 1

**** Build Finished ****

**** Build of configuration Debug for project CommandShell ****

make all 
Building file: ../testGetENV.cpp
Invoking: Cross G++ Compiler
g++ -O0 -g3 -Wall -c -fmessage-length=0 -MMD -MP -MF"testGetENV.d" -MT"testGetENV.d" -o "testGetENV.o" "../testGetENV.cpp"
../testGetENV.cpp: In function ‘int main()’:
../testGetENV.cpp:22:5: error: ‘cout’ was not declared in this scope
../testGetENV.cpp:22:22: error: ‘flush’ was not declared in this scope
make: *** [testGetENV.o] Error 1

**** Build Finished ****

**** Build of configuration Debug for project CommandShell ****

make all 
Building file: ../testGetENV.cpp
Invoking: Cross G++ Compiler
g++ -O0 -g3 -Wall -c -fmessage-length=0 -MMD -MP -MF"testGetENV.d" -MT"testGetENV.d" -o "testGetENV.o" "../testGetENV.cpp"
Finished building: ../testGetENV.cpp
 
Building target: CommandShell
Invoking: Cross G++ Linker
g++  -o "CommandShell"  ./Path.o ./Prompt.o ./testGetENV.o   
Finished building target: CommandShell
 

**** Build Finished ****

**** Build of configuration Debug for project CommandShell ****

make all 
make: Nothing to be done for `all'.

**** Build Finished ****

**** Build of configuration Debug for project CommandShell ****

make all 
Building file: ../testGetENV.cpp
Invoking: Cross G++ Compiler
g++ -O0 -g3 -Wall -c -fmessage-length=0 -MMD -MP -MF"testGetENV.d" -MT"testGetENV.d" -o "testGetENV.o" "../testGetENV.cpp"
Finished building: ../testGetENV.cpp
 
Building target: CommandShell
Invoking: Cross G++ Linker
g++  -o "CommandShell"  ./Path.o ./Prompt.o ./testGetENV.o   
Finished building target: CommandShell
 

**** Build Finished ****

**** Build of configuration Debug for project CommandShell ****

make all 
make: Nothing to be done for `all'.

**** Build Finished ****

**** Build of configuration Debug for project CommandShell ****

make all 
make: Nothing to be done for `all'.

**** Build Finished ****

**** Build of configuration Debug for project CommandShell ****

make all 
Building file: ../testGetENV.cpp
Invoking: Cross G++ Compiler
g++ -O0 -g3 -Wall -c -fmessage-length=0 -MMD -MP -MF"testGetENV.d" -MT"testGetENV.d" -o "testGetENV.o" "../testGetENV.cpp"
Finished building: ../testGetENV.cpp
 
Building target: CommandShell
Invoking: Cross G++ Linker
g++  -o "CommandShell"  ./Path.o ./Prompt.o ./testGetENV.o   
Finished building target: CommandShell
 

**** Build Finished ****

**** Build of configuration Debug for project CommandShell ****

make all 
Building file: ../Path.cpp
Invoking: Cross G++ Compiler
g++ -O0 -g3 -Wall -c -fmessage-length=0 -MMD -MP -MF"Path.d" -MT"Path.d" -o "Path.o" "../Path.cpp"
../Path.cpp: In constructor ‘Path::Path()’:
../Path.cpp:30:9: error: no match for ‘operator<<’ in ‘ss << listOfDirs’
../Path.cpp:30:9: note: candidates are:
/usr/include/c++/4.6/bits/basic_string.h:2693:5: note: template<class _CharT, class _Traits, class _Alloc> std::basic_ostream<_CharT, _Traits>& std::operator<<(std::basic_ostream<_CharT, _Traits>&, const std::basic_string<_CharT, _Traits, _Alloc>&)
/usr/include/c++/4.6/ostream:451:5: note: template<class _CharT, class _Traits> std::basic_ostream<_CharT, _Traits>& std::operator<<(std::basic_ostream<_CharT, _Traits>&, _CharT)
/usr/include/c++/4.6/ostream:456:5: note: template<class _CharT, class _Traits> std::basic_ostream<_CharT, _Traits>& std::operator<<(std::basic_ostream<_CharT, _Traits>&, char)
/usr/include/c++/4.6/ostream:462:5: note: template<class _Traits> std::basic_ostream<char, _Traits>& std::operator<<(std::basic_ostream<char, _Traits>&, char)
/usr/include/c++/4.6/ostream:468:5: note: template<class _Traits> std::basic_ostream<char, _Traits>& std::operator<<(std::basic_ostream<char, _Traits>&, signed char)
/usr/include/c++/4.6/ostream:473:5: note: template<class _Traits> std::basic_ostream<char, _Traits>& std::operator<<(std::basic_ostream<char, _Traits>&, unsigned char)
/usr/include/c++/4.6/ostream:493:5: note: template<class _CharT, class _Traits> std::basic_ostream<_CharT, _Traits>& std::operator<<(std::basic_ostream<_CharT, _Traits>&, const _CharT*)
/usr/include/c++/4.6/bits/ostream.tcc:323:5: note: template<class _CharT, class _Traits> std::basic_ostream<_CharT, _Traits>& std::operator<<(std::basic_ostream<_CharT, _Traits>&, const char*)
/usr/include/c++/4.6/ostream:510:5: note: template<class _Traits> std::basic_ostream<char, _Traits>& std::operator<<(std::basic_ostream<char, _Traits>&, const char*)
/usr/include/c++/4.6/ostream:523:5: note: template<class _Traits> std::basic_ostream<char, _Traits>& std::operator<<(std::basic_ostream<char, _Traits>&, const signed char*)
/usr/include/c++/4.6/ostream:528:5: note: template<class _Traits> std::basic_ostream<char, _Traits>& std::operator<<(std::basic_ostream<char, _Traits>&, const unsigned char*)
../Path.cpp: In member function ‘int Path::find(const string&) const’:
../Path.cpp:58:28: error: cannot convert ‘const std::basic_string<char>’ to ‘char*’ in assignment
make: *** [Path.o] Error 1

**** Build Finished ****

**** Build of configuration Debug for project CommandShell ****

make all 
Building file: ../Path.cpp
Invoking: Cross G++ Compiler
g++ -O0 -g3 -Wall -c -fmessage-length=0 -MMD -MP -MF"Path.d" -MT"Path.d" -o "Path.o" "../Path.cpp"
../Path.cpp: In member function ‘int Path::find(const string&) const’:
../Path.cpp:58:28: error: cannot convert ‘const std::basic_string<char>’ to ‘char*’ in assignment
make: *** [Path.o] Error 1

**** Build Finished ****

**** Build of configuration Debug for project CommandShell ****

make all 
Building file: ../Path.cpp
Invoking: Cross G++ Compiler
g++ -O0 -g3 -Wall -c -fmessage-length=0 -MMD -MP -MF"Path.d" -MT"Path.d" -o "Path.o" "../Path.cpp"
../Path.cpp: In member function ‘int Path::find(const string&) const’:
../Path.cpp:58:28: error: cannot convert ‘const std::basic_string<char>’ to ‘const char*’ in assignment
make: *** [Path.o] Error 1

**** Build Finished ****

**** Build of configuration Debug for project CommandShell ****

make all 
Building file: ../Path.cpp
Invoking: Cross G++ Compiler
g++ -O0 -g3 -Wall -c -fmessage-length=0 -MMD -MP -MF"Path.d" -MT"Path.d" -o "Path.o" "../Path.cpp"
../Path.cpp: In member function ‘int Path::find(const string&) const’:
../Path.cpp:58:28: error: cannot convert ‘const std::basic_string<char>’ to ‘char*’ in assignment
make: *** [Path.o] Error 1

**** Build Finished ****

**** Build of configuration Debug for project CommandShell ****

make all 
Building file: ../Path.cpp
Invoking: Cross G++ Compiler
g++ -O0 -g3 -Wall -c -fmessage-length=0 -MMD -MP -MF"Path.d" -MT"Path.d" -o "Path.o" "../Path.cpp"
../Path.cpp: In member function ‘int Path::find(const string&) const’:
../Path.cpp:58:28: error: cannot convert ‘const std::basic_string<char>’ to ‘char*’ in assignment
make: *** [Path.o] Error 1

**** Build Finished ****

**** Build of configuration Debug for project CommandShell ****

make all 
Building file: ../Path.cpp
Invoking: Cross G++ Compiler
g++ -O0 -g3 -Wall -c -fmessage-length=0 -MMD -MP -MF"Path.d" -MT"Path.d" -o "Path.o" "../Path.cpp"
../Path.cpp: In member function ‘int Path::find(const string&) const’:
../Path.cpp:53:7: warning: variable ‘dir’ set but not used [-Wunused-but-set-variable]
Finished building: ../Path.cpp
 
Building file: ../Prompt.cpp
Invoking: Cross G++ Compiler
g++ -O0 -g3 -Wall -c -fmessage-length=0 -MMD -MP -MF"Prompt.d" -MT"Prompt.d" -o "Prompt.o" "../Prompt.cpp"
Finished building: ../Prompt.cpp
 
Building file: ../testPath.cpp
Invoking: Cross G++ Compiler
g++ -O0 -g3 -Wall -c -fmessage-length=0 -MMD -MP -MF"testPath.d" -MT"testPath.d" -o "testPath.o" "../testPath.cpp"
Finished building: ../testPath.cpp
 
Building file: ../testPrompt.cpp
Invoking: Cross G++ Compiler
g++ -O0 -g3 -Wall -c -fmessage-length=0 -MMD -MP -MF"testPrompt.d" -MT"testPrompt.d" -o "testPrompt.o" "../testPrompt.cpp"
Finished building: ../testPrompt.cpp
 
Building target: CommandShell
Invoking: Cross G++ Linker
g++  -o "CommandShell"  ./Path.o ./Prompt.o ./testGetENV.o ./testPath.o ./testPrompt.o   
Finished building target: CommandShell
 

**** Build Finished ****

**** Build of configuration Debug for project CommandShell ****

make all 
Building file: ../Path.cpp
Invoking: Cross G++ Compiler
g++ -O0 -g3 -Wall -c -fmessage-length=0 -MMD -MP -MF"Path.d" -MT"Path.d" -o "Path.o" "../Path.cpp"
../Path.cpp: In member function ‘int Path::find(const string&) const’:
../Path.cpp:47:6: error: aggregate ‘DIR dir’ has incomplete type and cannot be defined
make: *** [Path.o] Error 1

**** Build Finished ****

**** Build of configuration Debug for project CommandShell ****

make all 
Building file: ../Path.cpp
Invoking: Cross G++ Compiler
g++ -O0 -g3 -Wall -c -fmessage-length=0 -MMD -MP -MF"Path.d" -MT"Path.d" -o "Path.o" "../Path.cpp"
../Path.cpp: In member function ‘int Path::find(const string&) const’:
../Path.cpp:47:6: error: aggregate ‘DIR dir’ has incomplete type and cannot be defined
make: *** [Path.o] Error 1

**** Build Finished ****

**** Build of configuration Debug for project CommandShell ****

make all 
Building file: ../Path.cpp
Invoking: Cross G++ Compiler
g++ -O0 -g3 -Wall -c -fmessage-length=0 -MMD -MP -MF"Path.d" -MT"Path.d" -o "Path.o" "../Path.cpp"
Finished building: ../Path.cpp
 
Building target: CommandShell
Invoking: Cross G++ Linker
g++  -o "CommandShell"  ./Path.o ./Prompt.o ./testGetENV.o ./testPath.o ./testPrompt.o   
Finished building target: CommandShell
 

**** Build Finished ****

**** Build of configuration Debug for project CommandShell ****

make all 
Building file: ../Path.cpp
Invoking: Cross G++ Compiler
g++ -O0 -g3 -Wall -c -fmessage-length=0 -MMD -MP -MF"Path.d" -MT"Path.d" -o "Path.o" "../Path.cpp"
../Path.cpp: In member function ‘int Path::find(const string&) const’:
../Path.cpp:58:21: error: no match for ‘operator==’ in ‘program == entry’
../Path.cpp:58:21: note: candidates are:
/usr/include/c++/4.6/bits/stl_pair.h:201:5: note: template<class _T1, class _T2> bool std::operator==(const std::pair<_T1, _T2>&, const std::pair<_T1, _T2>&)
/usr/include/c++/4.6/bits/stl_iterator.h:285:5: note: template<class _Iterator> bool std::operator==(const std::reverse_iterator<_Iterator>&, const std::reverse_iterator<_Iterator>&)
/usr/include/c++/4.6/bits/stl_iterator.h:335:5: note: template<class _IteratorL, class _IteratorR> bool std::operator==(const std::reverse_iterator<_IteratorL>&, const std::reverse_iterator<_IteratorR>&)
/usr/include/c++/4.6/bits/postypes.h:218:5: note: template<class _StateT> bool std::operator==(const std::fpos<_StateT>&, const std::fpos<_StateT>&)
/usr/include/c++/4.6/bits/allocator.h:122:5: note: template<class _T1, class _T2> bool std::operator==(const std::allocator<_T1>&, const std::allocator<_T2>&)
/usr/include/c++/4.6/bits/allocator.h:127:5: note: template<class _Tp> bool std::operator==(const std::allocator<_Tp1>&, const std::allocator<_Tp1>&)
/usr/include/c++/4.6/bits/basic_string.h:2427:5: note: template<class _CharT, class _Traits, class _Alloc> bool std::operator==(const std::basic_string<_CharT, _Traits, _Alloc>&, const std::basic_string<_CharT, _Traits, _Alloc>&)
/usr/include/c++/4.6/bits/basic_string.h:2434:5: note: template<class _CharT> typename __gnu_cxx::__enable_if<std::__is_char<_Tp>::__value, bool>::__type std::operator==(const std::basic_string<_CharT>&, const std::basic_string<_CharT>&)
/usr/include/c++/4.6/bits/basic_string.h:2448:5: note: template<class _CharT, class _Traits, class _Alloc> bool std::operator==(const _CharT*, const std::basic_string<_CharT, _Traits, _Alloc>&)
/usr/include/c++/4.6/bits/basic_string.h:2460:5: note: template<class _CharT, class _Traits, class _Alloc> bool std::operator==(const std::basic_string<_CharT, _Traits, _Alloc>&, const _CharT*)
/usr/include/c++/4.6/bits/streambuf_iterator.h:194:5: note: template<class _CharT, class _Traits> bool std::operator==(const std::istreambuf_iterator<_CharT, _Traits>&, const std::istreambuf_iterator<_CharT, _Traits>&)
/usr/include/c++/4.6/bits/stl_vector.h:1273:5: note: template<class _Tp, class _Alloc> bool std::operator==(const std::vector<_Tp, _Alloc>&, const std::vector<_Tp, _Alloc>&)
/usr/include/c++/4.6/ext/new_allocator.h:123:5: note: template<class _Tp> bool __gnu_cxx::operator==(const __gnu_cxx::new_allocator<_Tp>&, const __gnu_cxx::new_allocator<_Tp>&)
/usr/include/c++/4.6/bits/stl_iterator.h:805:5: note: template<class _Iterator, class _Container> bool __gnu_cxx::operator==(const __gnu_cxx::__normal_iterator<_Iterator, _Container>&, const __gnu_cxx::__normal_iterator<_Iterator, _Container>&)
/usr/include/c++/4.6/bits/stl_iterator.h:799:5: note: template<class _IteratorL, class _IteratorR, class _Container> bool __gnu_cxx::operator==(const __gnu_cxx::__normal_iterator<_IteratorL, _Container>&, const __gnu_cxx::__normal_iterator<_IteratorR, _Container>&)
../Path.cpp: In destructor ‘virtual Path::~Path()’:
../Path.cpp:88:11: error: type ‘class std::vector<std::basic_string<char> >’ argument given to ‘delete’, expected pointer
make: *** [Path.o] Error 1

**** Build Finished ****

**** Build of configuration Debug for project CommandShell ****

make all 
Building file: ../Path.cpp
Invoking: Cross G++ Compiler
g++ -O0 -g3 -Wall -c -fmessage-length=0 -MMD -MP -MF"Path.d" -MT"Path.d" -o "Path.o" "../Path.cpp"
../Path.cpp: In member function ‘int Path::find(const string&) const’:
../Path.cpp:58:21: error: no match for ‘operator==’ in ‘program == entry’
../Path.cpp:58:21: note: candidates are:
/usr/include/c++/4.6/bits/stl_pair.h:201:5: note: template<class _T1, class _T2> bool std::operator==(const std::pair<_T1, _T2>&, const std::pair<_T1, _T2>&)
/usr/include/c++/4.6/bits/stl_iterator.h:285:5: note: template<class _Iterator> bool std::operator==(const std::reverse_iterator<_Iterator>&, const std::reverse_iterator<_Iterator>&)
/usr/include/c++/4.6/bits/stl_iterator.h:335:5: note: template<class _IteratorL, class _IteratorR> bool std::operator==(const std::reverse_iterator<_IteratorL>&, const std::reverse_iterator<_IteratorR>&)
/usr/include/c++/4.6/bits/postypes.h:218:5: note: template<class _StateT> bool std::operator==(const std::fpos<_StateT>&, const std::fpos<_StateT>&)
/usr/include/c++/4.6/bits/allocator.h:122:5: note: template<class _T1, class _T2> bool std::operator==(const std::allocator<_T1>&, const std::allocator<_T2>&)
/usr/include/c++/4.6/bits/allocator.h:127:5: note: template<class _Tp> bool std::operator==(const std::allocator<_Tp1>&, const std::allocator<_Tp1>&)
/usr/include/c++/4.6/bits/basic_string.h:2427:5: note: template<class _CharT, class _Traits, class _Alloc> bool std::operator==(const std::basic_string<_CharT, _Traits, _Alloc>&, const std::basic_string<_CharT, _Traits, _Alloc>&)
/usr/include/c++/4.6/bits/basic_string.h:2434:5: note: template<class _CharT> typename __gnu_cxx::__enable_if<std::__is_char<_Tp>::__value, bool>::__type std::operator==(const std::basic_string<_CharT>&, const std::basic_string<_CharT>&)
/usr/include/c++/4.6/bits/basic_string.h:2448:5: note: template<class _CharT, class _Traits, class _Alloc> bool std::operator==(const _CharT*, const std::basic_string<_CharT, _Traits, _Alloc>&)
/usr/include/c++/4.6/bits/basic_string.h:2460:5: note: template<class _CharT, class _Traits, class _Alloc> bool std::operator==(const std::basic_string<_CharT, _Traits, _Alloc>&, const _CharT*)
/usr/include/c++/4.6/bits/streambuf_iterator.h:194:5: note: template<class _CharT, class _Traits> bool std::operator==(const std::istreambuf_iterator<_CharT, _Traits>&, const std::istreambuf_iterator<_CharT, _Traits>&)
/usr/include/c++/4.6/bits/stl_vector.h:1273:5: note: template<class _Tp, class _Alloc> bool std::operator==(const std::vector<_Tp, _Alloc>&, const std::vector<_Tp, _Alloc>&)
/usr/include/c++/4.6/ext/new_allocator.h:123:5: note: template<class _Tp> bool __gnu_cxx::operator==(const __gnu_cxx::new_allocator<_Tp>&, const __gnu_cxx::new_allocator<_Tp>&)
/usr/include/c++/4.6/bits/stl_iterator.h:805:5: note: template<class _Iterator, class _Container> bool __gnu_cxx::operator==(const __gnu_cxx::__normal_iterator<_Iterator, _Container>&, const __gnu_cxx::__normal_iterator<_Iterator, _Container>&)
/usr/include/c++/4.6/bits/stl_iterator.h:799:5: note: template<class _IteratorL, class _IteratorR, class _Container> bool __gnu_cxx::operator==(const __gnu_cxx::__normal_iterator<_IteratorL, _Container>&, const __gnu_cxx::__normal_iterator<_IteratorR, _Container>&)
../Path.cpp: In destructor ‘virtual Path::~Path()’:
../Path.cpp:88:11: error: type ‘class std::vector<std::basic_string<char> >’ argument given to ‘delete’, expected pointer
make: *** [Path.o] Error 1

**** Build Finished ****

**** Build of configuration Debug for project CommandShell ****

make all 
Building file: ../Path.cpp
Invoking: Cross G++ Compiler
g++ -O0 -g3 -Wall -c -fmessage-length=0 -MMD -MP -MF"Path.d" -MT"Path.d" -o "Path.o" "../Path.cpp"
../Path.cpp: In member function ‘int Path::find(const string&) const’:
../Path.cpp:58:21: error: no match for ‘operator==’ in ‘program == entry’
../Path.cpp:58:21: note: candidates are:
/usr/include/c++/4.6/bits/stl_pair.h:201:5: note: template<class _T1, class _T2> bool std::operator==(const std::pair<_T1, _T2>&, const std::pair<_T1, _T2>&)
/usr/include/c++/4.6/bits/stl_iterator.h:285:5: note: template<class _Iterator> bool std::operator==(const std::reverse_iterator<_Iterator>&, const std::reverse_iterator<_Iterator>&)
/usr/include/c++/4.6/bits/stl_iterator.h:335:5: note: template<class _IteratorL, class _IteratorR> bool std::operator==(const std::reverse_iterator<_IteratorL>&, const std::reverse_iterator<_IteratorR>&)
/usr/include/c++/4.6/bits/postypes.h:218:5: note: template<class _StateT> bool std::operator==(const std::fpos<_StateT>&, const std::fpos<_StateT>&)
/usr/include/c++/4.6/bits/allocator.h:122:5: note: template<class _T1, class _T2> bool std::operator==(const std::allocator<_T1>&, const std::allocator<_T2>&)
/usr/include/c++/4.6/bits/allocator.h:127:5: note: template<class _Tp> bool std::operator==(const std::allocator<_Tp1>&, const std::allocator<_Tp1>&)
/usr/include/c++/4.6/bits/basic_string.h:2427:5: note: template<class _CharT, class _Traits, class _Alloc> bool std::operator==(const std::basic_string<_CharT, _Traits, _Alloc>&, const std::basic_string<_CharT, _Traits, _Alloc>&)
/usr/include/c++/4.6/bits/basic_string.h:2434:5: note: template<class _CharT> typename __gnu_cxx::__enable_if<std::__is_char<_Tp>::__value, bool>::__type std::operator==(const std::basic_string<_CharT>&, const std::basic_string<_CharT>&)
/usr/include/c++/4.6/bits/basic_string.h:2448:5: note: template<class _CharT, class _Traits, class _Alloc> bool std::operator==(const _CharT*, const std::basic_string<_CharT, _Traits, _Alloc>&)
/usr/include/c++/4.6/bits/basic_string.h:2460:5: note: template<class _CharT, class _Traits, class _Alloc> bool std::operator==(const std::basic_string<_CharT, _Traits, _Alloc>&, const _CharT*)
/usr/include/c++/4.6/bits/streambuf_iterator.h:194:5: note: template<class _CharT, class _Traits> bool std::operator==(const std::istreambuf_iterator<_CharT, _Traits>&, const std::istreambuf_iterator<_CharT, _Traits>&)
/usr/include/c++/4.6/bits/stl_vector.h:1273:5: note: template<class _Tp, class _Alloc> bool std::operator==(const std::vector<_Tp, _Alloc>&, const std::vector<_Tp, _Alloc>&)
/usr/include/c++/4.6/ext/new_allocator.h:123:5: note: template<class _Tp> bool __gnu_cxx::operator==(const __gnu_cxx::new_allocator<_Tp>&, const __gnu_cxx::new_allocator<_Tp>&)
/usr/include/c++/4.6/bits/stl_iterator.h:805:5: note: template<class _Iterator, class _Container> bool __gnu_cxx::operator==(const __gnu_cxx::__normal_iterator<_Iterator, _Container>&, const __gnu_cxx::__normal_iterator<_Iterator, _Container>&)
/usr/include/c++/4.6/bits/stl_iterator.h:799:5: note: template<class _IteratorL, class _IteratorR, class _Container> bool __gnu_cxx::operator==(const __gnu_cxx::__normal_iterator<_IteratorL, _Container>&, const __gnu_cxx::__normal_iterator<_IteratorR, _Container>&)
../Path.cpp: In destructor ‘virtual Path::~Path()’:
../Path.cpp:88:11: error: type ‘class std::vector<std::basic_string<char> >’ argument given to ‘delete’, expected pointer
make: *** [Path.o] Error 1

**** Build Finished ****

**** Clean-only build of configuration Debug for project CommandShell ****

make clean 
rm -rf  ./Path.o ./Prompt.o ./testGetENV.o ./testPath.o ./testPrompt.o  ./Path.d ./Prompt.d ./testGetENV.d ./testPath.d ./testPrompt.d  CommandShell
 

**** Build Finished ****

**** Build of configuration Debug for project CommandShell ****

make all 
Building file: ../Path.cpp
Invoking: Cross G++ Compiler
g++ -O0 -g3 -Wall -c -fmessage-length=0 -MMD -MP -MF"Path.d" -MT"Path.d" -o "Path.o" "../Path.cpp"
../Path.cpp: In member function ‘int Path::find(const string&) const’:
../Path.cpp:58:21: error: no match for ‘operator==’ in ‘program == entry’
../Path.cpp:58:21: note: candidates are:
/usr/include/c++/4.6/bits/stl_pair.h:201:5: note: template<class _T1, class _T2> bool std::operator==(const std::pair<_T1, _T2>&, const std::pair<_T1, _T2>&)
/usr/include/c++/4.6/bits/stl_iterator.h:285:5: note: template<class _Iterator> bool std::operator==(const std::reverse_iterator<_Iterator>&, const std::reverse_iterator<_Iterator>&)
/usr/include/c++/4.6/bits/stl_iterator.h:335:5: note: template<class _IteratorL, class _IteratorR> bool std::operator==(const std::reverse_iterator<_IteratorL>&, const std::reverse_iterator<_IteratorR>&)
/usr/include/c++/4.6/bits/postypes.h:218:5: note: template<class _StateT> bool std::operator==(const std::fpos<_StateT>&, const std::fpos<_StateT>&)
/usr/include/c++/4.6/bits/allocator.h:122:5: note: template<class _T1, class _T2> bool std::operator==(const std::allocator<_T1>&, const std::allocator<_T2>&)
/usr/include/c++/4.6/bits/allocator.h:127:5: note: template<class _Tp> bool std::operator==(const std::allocator<_Tp1>&, const std::allocator<_Tp1>&)
/usr/include/c++/4.6/bits/basic_string.h:2427:5: note: template<class _CharT, class _Traits, class _Alloc> bool std::operator==(const std::basic_string<_CharT, _Traits, _Alloc>&, const std::basic_string<_CharT, _Traits, _Alloc>&)
/usr/include/c++/4.6/bits/basic_string.h:2434:5: note: template<class _CharT> typename __gnu_cxx::__enable_if<std::__is_char<_Tp>::__value, bool>::__type std::operator==(const std::basic_string<_CharT>&, const std::basic_string<_CharT>&)
/usr/include/c++/4.6/bits/basic_string.h:2448:5: note: template<class _CharT, class _Traits, class _Alloc> bool std::operator==(const _CharT*, const std::basic_string<_CharT, _Traits, _Alloc>&)
/usr/include/c++/4.6/bits/basic_string.h:2460:5: note: template<class _CharT, class _Traits, class _Alloc> bool std::operator==(const std::basic_string<_CharT, _Traits, _Alloc>&, const _CharT*)
/usr/include/c++/4.6/bits/streambuf_iterator.h:194:5: note: template<class _CharT, class _Traits> bool std::operator==(const std::istreambuf_iterator<_CharT, _Traits>&, const std::istreambuf_iterator<_CharT, _Traits>&)
/usr/include/c++/4.6/bits/stl_vector.h:1273:5: note: template<class _Tp, class _Alloc> bool std::operator==(const std::vector<_Tp, _Alloc>&, const std::vector<_Tp, _Alloc>&)
/usr/include/c++/4.6/ext/new_allocator.h:123:5: note: template<class _Tp> bool __gnu_cxx::operator==(const __gnu_cxx::new_allocator<_Tp>&, const __gnu_cxx::new_allocator<_Tp>&)
/usr/include/c++/4.6/bits/stl_iterator.h:805:5: note: template<class _Iterator, class _Container> bool __gnu_cxx::operator==(const __gnu_cxx::__normal_iterator<_Iterator, _Container>&, const __gnu_cxx::__normal_iterator<_Iterator, _Container>&)
/usr/include/c++/4.6/bits/stl_iterator.h:799:5: note: template<class _IteratorL, class _IteratorR, class _Container> bool __gnu_cxx::operator==(const __gnu_cxx::__normal_iterator<_IteratorL, _Container>&, const __gnu_cxx::__normal_iterator<_IteratorR, _Container>&)
../Path.cpp: In destructor ‘virtual Path::~Path()’:
../Path.cpp:88:11: error: type ‘class std::vector<std::basic_string<char> >’ argument given to ‘delete’, expected pointer
make: *** [Path.o] Error 1

**** Build Finished ****

**** Build of configuration Debug for project CommandShell ****

make all 
Building file: ../Path.cpp
Invoking: Cross G++ Compiler
g++ -O0 -g3 -Wall -c -fmessage-length=0 -MMD -MP -MF"Path.d" -MT"Path.d" -o "Path.o" "../Path.cpp"
../Path.cpp: In member function ‘int Path::find(const string&) const’:
../Path.cpp:58:21: error: no match for ‘operator==’ in ‘program == entry’
../Path.cpp:58:21: note: candidates are:
/usr/include/c++/4.6/bits/stl_pair.h:201:5: note: template<class _T1, class _T2> bool std::operator==(const std::pair<_T1, _T2>&, const std::pair<_T1, _T2>&)
/usr/include/c++/4.6/bits/stl_iterator.h:285:5: note: template<class _Iterator> bool std::operator==(const std::reverse_iterator<_Iterator>&, const std::reverse_iterator<_Iterator>&)
/usr/include/c++/4.6/bits/stl_iterator.h:335:5: note: template<class _IteratorL, class _IteratorR> bool std::operator==(const std::reverse_iterator<_IteratorL>&, const std::reverse_iterator<_IteratorR>&)
/usr/include/c++/4.6/bits/postypes.h:218:5: note: template<class _StateT> bool std::operator==(const std::fpos<_StateT>&, const std::fpos<_StateT>&)
/usr/include/c++/4.6/bits/allocator.h:122:5: note: template<class _T1, class _T2> bool std::operator==(const std::allocator<_T1>&, const std::allocator<_T2>&)
/usr/include/c++/4.6/bits/allocator.h:127:5: note: template<class _Tp> bool std::operator==(const std::allocator<_Tp1>&, const std::allocator<_Tp1>&)
/usr/include/c++/4.6/bits/basic_string.h:2427:5: note: template<class _CharT, class _Traits, class _Alloc> bool std::operator==(const std::basic_string<_CharT, _Traits, _Alloc>&, const std::basic_string<_CharT, _Traits, _Alloc>&)
/usr/include/c++/4.6/bits/basic_string.h:2434:5: note: template<class _CharT> typename __gnu_cxx::__enable_if<std::__is_char<_Tp>::__value, bool>::__type std::operator==(const std::basic_string<_CharT>&, const std::basic_string<_CharT>&)
/usr/include/c++/4.6/bits/basic_string.h:2448:5: note: template<class _CharT, class _Traits, class _Alloc> bool std::operator==(const _CharT*, const std::basic_string<_CharT, _Traits, _Alloc>&)
/usr/include/c++/4.6/bits/basic_string.h:2460:5: note: template<class _CharT, class _Traits, class _Alloc> bool std::operator==(const std::basic_string<_CharT, _Traits, _Alloc>&, const _CharT*)
/usr/include/c++/4.6/bits/streambuf_iterator.h:194:5: note: template<class _CharT, class _Traits> bool std::operator==(const std::istreambuf_iterator<_CharT, _Traits>&, const std::istreambuf_iterator<_CharT, _Traits>&)
/usr/include/c++/4.6/bits/stl_vector.h:1273:5: note: template<class _Tp, class _Alloc> bool std::operator==(const std::vector<_Tp, _Alloc>&, const std::vector<_Tp, _Alloc>&)
/usr/include/c++/4.6/ext/new_allocator.h:123:5: note: template<class _Tp> bool __gnu_cxx::operator==(const __gnu_cxx::new_allocator<_Tp>&, const __gnu_cxx::new_allocator<_Tp>&)
/usr/include/c++/4.6/bits/stl_iterator.h:805:5: note: template<class _Iterator, class _Container> bool __gnu_cxx::operator==(const __gnu_cxx::__normal_iterator<_Iterator, _Container>&, const __gnu_cxx::__normal_iterator<_Iterator, _Container>&)
/usr/include/c++/4.6/bits/stl_iterator.h:799:5: note: template<class _IteratorL, class _IteratorR, class _Container> bool __gnu_cxx::operator==(const __gnu_cxx::__normal_iterator<_IteratorL, _Container>&, const __gnu_cxx::__normal_iterator<_IteratorR, _Container>&)
../Path.cpp: In destructor ‘virtual Path::~Path()’:
../Path.cpp:88:11: error: type ‘class std::vector<std::basic_string<char> >’ argument given to ‘delete’, expected pointer
make: *** [Path.o] Error 1

**** Build Finished ****

**** Build of configuration Debug for project CommandShell ****

make all 
Building file: ../Path.cpp
Invoking: Cross G++ Compiler
g++ -O0 -g3 -Wall -c -fmessage-length=0 -MMD -MP -MF"Path.d" -MT"Path.d" -o "Path.o" "../Path.cpp"
../Path.cpp: In member function ‘int Path::find(const string&) const’:
../Path.cpp:58:21: error: no match for ‘operator==’ in ‘program == entry’
../Path.cpp:58:21: note: candidates are:
/usr/include/c++/4.6/bits/stl_pair.h:201:5: note: template<class _T1, class _T2> bool std::operator==(const std::pair<_T1, _T2>&, const std::pair<_T1, _T2>&)
/usr/include/c++/4.6/bits/stl_iterator.h:285:5: note: template<class _Iterator> bool std::operator==(const std::reverse_iterator<_Iterator>&, const std::reverse_iterator<_Iterator>&)
/usr/include/c++/4.6/bits/stl_iterator.h:335:5: note: template<class _IteratorL, class _IteratorR> bool std::operator==(const std::reverse_iterator<_IteratorL>&, const std::reverse_iterator<_IteratorR>&)
/usr/include/c++/4.6/bits/postypes.h:218:5: note: template<class _StateT> bool std::operator==(const std::fpos<_StateT>&, const std::fpos<_StateT>&)
/usr/include/c++/4.6/bits/allocator.h:122:5: note: template<class _T1, class _T2> bool std::operator==(const std::allocator<_T1>&, const std::allocator<_T2>&)
/usr/include/c++/4.6/bits/allocator.h:127:5: note: template<class _Tp> bool std::operator==(const std::allocator<_Tp1>&, const std::allocator<_Tp1>&)
/usr/include/c++/4.6/bits/basic_string.h:2427:5: note: template<class _CharT, class _Traits, class _Alloc> bool std::operator==(const std::basic_string<_CharT, _Traits, _Alloc>&, const std::basic_string<_CharT, _Traits, _Alloc>&)
/usr/include/c++/4.6/bits/basic_string.h:2434:5: note: template<class _CharT> typename __gnu_cxx::__enable_if<std::__is_char<_Tp>::__value, bool>::__type std::operator==(const std::basic_string<_CharT>&, const std::basic_string<_CharT>&)
/usr/include/c++/4.6/bits/basic_string.h:2448:5: note: template<class _CharT, class _Traits, class _Alloc> bool std::operator==(const _CharT*, const std::basic_string<_CharT, _Traits, _Alloc>&)
/usr/include/c++/4.6/bits/basic_string.h:2460:5: note: template<class _CharT, class _Traits, class _Alloc> bool std::operator==(const std::basic_string<_CharT, _Traits, _Alloc>&, const _CharT*)
/usr/include/c++/4.6/bits/streambuf_iterator.h:194:5: note: template<class _CharT, class _Traits> bool std::operator==(const std::istreambuf_iterator<_CharT, _Traits>&, const std::istreambuf_iterator<_CharT, _Traits>&)
/usr/include/c++/4.6/bits/stl_vector.h:1273:5: note: template<class _Tp, class _Alloc> bool std::operator==(const std::vector<_Tp, _Alloc>&, const std::vector<_Tp, _Alloc>&)
/usr/include/c++/4.6/ext/new_allocator.h:123:5: note: template<class _Tp> bool __gnu_cxx::operator==(const __gnu_cxx::new_allocator<_Tp>&, const __gnu_cxx::new_allocator<_Tp>&)
/usr/include/c++/4.6/bits/stl_iterator.h:805:5: note: template<class _Iterator, class _Container> bool __gnu_cxx::operator==(const __gnu_cxx::__normal_iterator<_Iterator, _Container>&, const __gnu_cxx::__normal_iterator<_Iterator, _Container>&)
/usr/include/c++/4.6/bits/stl_iterator.h:799:5: note: template<class _IteratorL, class _IteratorR, class _Container> bool __gnu_cxx::operator==(const __gnu_cxx::__normal_iterator<_IteratorL, _Container>&, const __gnu_cxx::__normal_iterator<_IteratorR, _Container>&)
../Path.cpp: In destructor ‘virtual Path::~Path()’:
../Path.cpp:88:11: error: type ‘class std::vector<std::basic_string<char> >’ argument given to ‘delete’, expected pointer
make: *** [Path.o] Error 1

**** Build Finished ****

**** Build of configuration Debug for project CommandShell ****

make all 
Building file: ../Path.cpp
Invoking: Cross G++ Compiler
g++ -O0 -g3 -Wall -c -fmessage-length=0 -MMD -MP -MF"Path.d" -MT"Path.d" -o "Path.o" "../Path.cpp"
../Path.cpp: In member function ‘int Path::find(const string&) const’:
../Path.cpp:58:21: error: no match for ‘operator==’ in ‘program == entry’
../Path.cpp:58:21: note: candidates are:
/usr/include/c++/4.6/bits/stl_pair.h:201:5: note: template<class _T1, class _T2> bool std::operator==(const std::pair<_T1, _T2>&, const std::pair<_T1, _T2>&)
/usr/include/c++/4.6/bits/stl_iterator.h:285:5: note: template<class _Iterator> bool std::operator==(const std::reverse_iterator<_Iterator>&, const std::reverse_iterator<_Iterator>&)
/usr/include/c++/4.6/bits/stl_iterator.h:335:5: note: template<class _IteratorL, class _IteratorR> bool std::operator==(const std::reverse_iterator<_IteratorL>&, const std::reverse_iterator<_IteratorR>&)
/usr/include/c++/4.6/bits/postypes.h:218:5: note: template<class _StateT> bool std::operator==(const std::fpos<_StateT>&, const std::fpos<_StateT>&)
/usr/include/c++/4.6/bits/allocator.h:122:5: note: template<class _T1, class _T2> bool std::operator==(const std::allocator<_T1>&, const std::allocator<_T2>&)
/usr/include/c++/4.6/bits/allocator.h:127:5: note: template<class _Tp> bool std::operator==(const std::allocator<_Tp1>&, const std::allocator<_Tp1>&)
/usr/include/c++/4.6/bits/basic_string.h:2427:5: note: template<class _CharT, class _Traits, class _Alloc> bool std::operator==(const std::basic_string<_CharT, _Traits, _Alloc>&, const std::basic_string<_CharT, _Traits, _Alloc>&)
/usr/include/c++/4.6/bits/basic_string.h:2434:5: note: template<class _CharT> typename __gnu_cxx::__enable_if<std::__is_char<_Tp>::__value, bool>::__type std::operator==(const std::basic_string<_CharT>&, const std::basic_string<_CharT>&)
/usr/include/c++/4.6/bits/basic_string.h:2448:5: note: template<class _CharT, class _Traits, class _Alloc> bool std::operator==(const _CharT*, const std::basic_string<_CharT, _Traits, _Alloc>&)
/usr/include/c++/4.6/bits/basic_string.h:2460:5: note: template<class _CharT, class _Traits, class _Alloc> bool std::operator==(const std::basic_string<_CharT, _Traits, _Alloc>&, const _CharT*)
/usr/include/c++/4.6/bits/streambuf_iterator.h:194:5: note: template<class _CharT, class _Traits> bool std::operator==(const std::istreambuf_iterator<_CharT, _Traits>&, const std::istreambuf_iterator<_CharT, _Traits>&)
/usr/include/c++/4.6/bits/stl_vector.h:1273:5: note: template<class _Tp, class _Alloc> bool std::operator==(const std::vector<_Tp, _Alloc>&, const std::vector<_Tp, _Alloc>&)
/usr/include/c++/4.6/ext/new_allocator.h:123:5: note: template<class _Tp> bool __gnu_cxx::operator==(const __gnu_cxx::new_allocator<_Tp>&, const __gnu_cxx::new_allocator<_Tp>&)
/usr/include/c++/4.6/bits/stl_iterator.h:805:5: note: template<class _Iterator, class _Container> bool __gnu_cxx::operator==(const __gnu_cxx::__normal_iterator<_Iterator, _Container>&, const __gnu_cxx::__normal_iterator<_Iterator, _Container>&)
/usr/include/c++/4.6/bits/stl_iterator.h:799:5: note: template<class _IteratorL, class _IteratorR, class _Container> bool __gnu_cxx::operator==(const __gnu_cxx::__normal_iterator<_IteratorL, _Container>&, const __gnu_cxx::__normal_iterator<_IteratorR, _Container>&)
../Path.cpp: In destructor ‘virtual Path::~Path()’:
../Path.cpp:88:11: error: type ‘class std::vector<std::basic_string<char> >’ argument given to ‘delete’, expected pointer
make: *** [Path.o] Error 1

**** Build Finished ****

**** Build of configuration Debug for project CommandShell ****

make all 
Building file: ../Path.cpp
Invoking: Cross G++ Compiler
g++ -O0 -g3 -Wall -c -fmessage-length=0 -MMD -MP -MF"Path.d" -MT"Path.d" -o "Path.o" "../Path.cpp"
../Path.cpp: In member function ‘int Path::find(const string&) const’:
../Path.cpp:58:21: error: no match for ‘operator==’ in ‘program == entry’
../Path.cpp:58:21: note: candidates are:
/usr/include/c++/4.6/bits/stl_pair.h:201:5: note: template<class _T1, class _T2> bool std::operator==(const std::pair<_T1, _T2>&, const std::pair<_T1, _T2>&)
/usr/include/c++/4.6/bits/stl_iterator.h:285:5: note: template<class _Iterator> bool std::operator==(const std::reverse_iterator<_Iterator>&, const std::reverse_iterator<_Iterator>&)
/usr/include/c++/4.6/bits/stl_iterator.h:335:5: note: template<class _IteratorL, class _IteratorR> bool std::operator==(const std::reverse_iterator<_IteratorL>&, const std::reverse_iterator<_IteratorR>&)
/usr/include/c++/4.6/bits/postypes.h:218:5: note: template<class _StateT> bool std::operator==(const std::fpos<_StateT>&, const std::fpos<_StateT>&)
/usr/include/c++/4.6/bits/allocator.h:122:5: note: template<class _T1, class _T2> bool std::operator==(const std::allocator<_T1>&, const std::allocator<_T2>&)
/usr/include/c++/4.6/bits/allocator.h:127:5: note: template<class _Tp> bool std::operator==(const std::allocator<_Tp1>&, const std::allocator<_Tp1>&)
/usr/include/c++/4.6/bits/basic_string.h:2427:5: note: template<class _CharT, class _Traits, class _Alloc> bool std::operator==(const std::basic_string<_CharT, _Traits, _Alloc>&, const std::basic_string<_CharT, _Traits, _Alloc>&)
/usr/include/c++/4.6/bits/basic_string.h:2434:5: note: template<class _CharT> typename __gnu_cxx::__enable_if<std::__is_char<_Tp>::__value, bool>::__type std::operator==(const std::basic_string<_CharT>&, const std::basic_string<_CharT>&)
/usr/include/c++/4.6/bits/basic_string.h:2448:5: note: template<class _CharT, class _Traits, class _Alloc> bool std::operator==(const _CharT*, const std::basic_string<_CharT, _Traits, _Alloc>&)
/usr/include/c++/4.6/bits/basic_string.h:2460:5: note: template<class _CharT, class _Traits, class _Alloc> bool std::operator==(const std::basic_string<_CharT, _Traits, _Alloc>&, const _CharT*)
/usr/include/c++/4.6/bits/streambuf_iterator.h:194:5: note: template<class _CharT, class _Traits> bool std::operator==(const std::istreambuf_iterator<_CharT, _Traits>&, const std::istreambuf_iterator<_CharT, _Traits>&)
/usr/include/c++/4.6/bits/stl_vector.h:1273:5: note: template<class _Tp, class _Alloc> bool std::operator==(const std::vector<_Tp, _Alloc>&, const std::vector<_Tp, _Alloc>&)
/usr/include/c++/4.6/ext/new_allocator.h:123:5: note: template<class _Tp> bool __gnu_cxx::operator==(const __gnu_cxx::new_allocator<_Tp>&, const __gnu_cxx::new_allocator<_Tp>&)
/usr/include/c++/4.6/bits/stl_iterator.h:805:5: note: template<class _Iterator, class _Container> bool __gnu_cxx::operator==(const __gnu_cxx::__normal_iterator<_Iterator, _Container>&, const __gnu_cxx::__normal_iterator<_Iterator, _Container>&)
/usr/include/c++/4.6/bits/stl_iterator.h:799:5: note: template<class _IteratorL, class _IteratorR, class _Container> bool __gnu_cxx::operator==(const __gnu_cxx::__normal_iterator<_IteratorL, _Container>&, const __gnu_cxx::__normal_iterator<_IteratorR, _Container>&)
../Path.cpp: In destructor ‘virtual Path::~Path()’:
../Path.cpp:88:11: error: type ‘class std::vector<std::basic_string<char> >’ argument given to ‘delete’, expected pointer
make: *** [Path.o] Error 1

**** Build Finished ****

**** Build of configuration Debug for project CommandShell ****

make all 
Building file: ../Path.cpp
Invoking: Cross G++ Compiler
g++ -O0 -g3 -Wall -c -fmessage-length=0 -MMD -MP -MF"Path.d" -MT"Path.d" -o "Path.o" "../Path.cpp"
../Path.cpp: In member function ‘int Path::find(const string&) const’:
../Path.cpp:58:21: error: no match for ‘operator==’ in ‘program == entry’
../Path.cpp:58:21: note: candidates are:
/usr/include/c++/4.6/bits/stl_pair.h:201:5: note: template<class _T1, class _T2> bool std::operator==(const std::pair<_T1, _T2>&, const std::pair<_T1, _T2>&)
/usr/include/c++/4.6/bits/stl_iterator.h:285:5: note: template<class _Iterator> bool std::operator==(const std::reverse_iterator<_Iterator>&, const std::reverse_iterator<_Iterator>&)
/usr/include/c++/4.6/bits/stl_iterator.h:335:5: note: template<class _IteratorL, class _IteratorR> bool std::operator==(const std::reverse_iterator<_IteratorL>&, const std::reverse_iterator<_IteratorR>&)
/usr/include/c++/4.6/bits/postypes.h:218:5: note: template<class _StateT> bool std::operator==(const std::fpos<_StateT>&, const std::fpos<_StateT>&)
/usr/include/c++/4.6/bits/allocator.h:122:5: note: template<class _T1, class _T2> bool std::operator==(const std::allocator<_T1>&, const std::allocator<_T2>&)
/usr/include/c++/4.6/bits/allocator.h:127:5: note: template<class _Tp> bool std::operator==(const std::allocator<_Tp1>&, const std::allocator<_Tp1>&)
/usr/include/c++/4.6/bits/basic_string.h:2427:5: note: template<class _CharT, class _Traits, class _Alloc> bool std::operator==(const std::basic_string<_CharT, _Traits, _Alloc>&, const std::basic_string<_CharT, _Traits, _Alloc>&)
/usr/include/c++/4.6/bits/basic_string.h:2434:5: note: template<class _CharT> typename __gnu_cxx::__enable_if<std::__is_char<_Tp>::__value, bool>::__type std::operator==(const std::basic_string<_CharT>&, const std::basic_string<_CharT>&)
/usr/include/c++/4.6/bits/basic_string.h:2448:5: note: template<class _CharT, class _Traits, class _Alloc> bool std::operator==(const _CharT*, const std::basic_string<_CharT, _Traits, _Alloc>&)
/usr/include/c++/4.6/bits/basic_string.h:2460:5: note: template<class _CharT, class _Traits, class _Alloc> bool std::operator==(const std::basic_string<_CharT, _Traits, _Alloc>&, const _CharT*)
/usr/include/c++/4.6/bits/streambuf_iterator.h:194:5: note: template<class _CharT, class _Traits> bool std::operator==(const std::istreambuf_iterator<_CharT, _Traits>&, const std::istreambuf_iterator<_CharT, _Traits>&)
/usr/include/c++/4.6/bits/stl_vector.h:1273:5: note: template<class _Tp, class _Alloc> bool std::operator==(const std::vector<_Tp, _Alloc>&, const std::vector<_Tp, _Alloc>&)
/usr/include/c++/4.6/ext/new_allocator.h:123:5: note: template<class _Tp> bool __gnu_cxx::operator==(const __gnu_cxx::new_allocator<_Tp>&, const __gnu_cxx::new_allocator<_Tp>&)
/usr/include/c++/4.6/bits/stl_iterator.h:805:5: note: template<class _Iterator, class _Container> bool __gnu_cxx::operator==(const __gnu_cxx::__normal_iterator<_Iterator, _Container>&, const __gnu_cxx::__normal_iterator<_Iterator, _Container>&)
/usr/include/c++/4.6/bits/stl_iterator.h:799:5: note: template<class _IteratorL, class _IteratorR, class _Container> bool __gnu_cxx::operator==(const __gnu_cxx::__normal_iterator<_IteratorL, _Container>&, const __gnu_cxx::__normal_iterator<_IteratorR, _Container>&)
../Path.cpp: In destructor ‘virtual Path::~Path()’:
../Path.cpp:88:11: error: type ‘class std::vector<std::basic_string<char> >’ argument given to ‘delete’, expected pointer
make: *** [Path.o] Error 1

**** Build Finished ****

**** Build of configuration Debug for project CommandShell ****

make all 
Building file: ../Path.cpp
Invoking: Cross G++ Compiler
g++ -O0 -g3 -Wall -c -fmessage-length=0 -MMD -MP -MF"Path.d" -MT"Path.d" -o "Path.o" "../Path.cpp"
../Path.cpp: In member function ‘int Path::find(const string&) const’:
../Path.cpp:58:21: error: no match for ‘operator==’ in ‘program == entry’
../Path.cpp:58:21: note: candidates are:
/usr/include/c++/4.6/bits/stl_pair.h:201:5: note: template<class _T1, class _T2> bool std::operator==(const std::pair<_T1, _T2>&, const std::pair<_T1, _T2>&)
/usr/include/c++/4.6/bits/stl_iterator.h:285:5: note: template<class _Iterator> bool std::operator==(const std::reverse_iterator<_Iterator>&, const std::reverse_iterator<_Iterator>&)
/usr/include/c++/4.6/bits/stl_iterator.h:335:5: note: template<class _IteratorL, class _IteratorR> bool std::operator==(const std::reverse_iterator<_IteratorL>&, const std::reverse_iterator<_IteratorR>&)
/usr/include/c++/4.6/bits/postypes.h:218:5: note: template<class _StateT> bool std::operator==(const std::fpos<_StateT>&, const std::fpos<_StateT>&)
/usr/include/c++/4.6/bits/allocator.h:122:5: note: template<class _T1, class _T2> bool std::operator==(const std::allocator<_T1>&, const std::allocator<_T2>&)
/usr/include/c++/4.6/bits/allocator.h:127:5: note: template<class _Tp> bool std::operator==(const std::allocator<_Tp1>&, const std::allocator<_Tp1>&)
/usr/include/c++/4.6/bits/basic_string.h:2427:5: note: template<class _CharT, class _Traits, class _Alloc> bool std::operator==(const std::basic_string<_CharT, _Traits, _Alloc>&, const std::basic_string<_CharT, _Traits, _Alloc>&)
/usr/include/c++/4.6/bits/basic_string.h:2434:5: note: template<class _CharT> typename __gnu_cxx::__enable_if<std::__is_char<_Tp>::__value, bool>::__type std::operator==(const std::basic_string<_CharT>&, const std::basic_string<_CharT>&)
/usr/include/c++/4.6/bits/basic_string.h:2448:5: note: template<class _CharT, class _Traits, class _Alloc> bool std::operator==(const _CharT*, const std::basic_string<_CharT, _Traits, _Alloc>&)
/usr/include/c++/4.6/bits/basic_string.h:2460:5: note: template<class _CharT, class _Traits, class _Alloc> bool std::operator==(const std::basic_string<_CharT, _Traits, _Alloc>&, const _CharT*)
/usr/include/c++/4.6/bits/streambuf_iterator.h:194:5: note: template<class _CharT, class _Traits> bool std::operator==(const std::istreambuf_iterator<_CharT, _Traits>&, const std::istreambuf_iterator<_CharT, _Traits>&)
/usr/include/c++/4.6/bits/stl_vector.h:1273:5: note: template<class _Tp, class _Alloc> bool std::operator==(const std::vector<_Tp, _Alloc>&, const std::vector<_Tp, _Alloc>&)
/usr/include/c++/4.6/ext/new_allocator.h:123:5: note: template<class _Tp> bool __gnu_cxx::operator==(const __gnu_cxx::new_allocator<_Tp>&, const __gnu_cxx::new_allocator<_Tp>&)
/usr/include/c++/4.6/bits/stl_iterator.h:805:5: note: template<class _Iterator, class _Container> bool __gnu_cxx::operator==(const __gnu_cxx::__normal_iterator<_Iterator, _Container>&, const __gnu_cxx::__normal_iterator<_Iterator, _Container>&)
/usr/include/c++/4.6/bits/stl_iterator.h:799:5: note: template<class _IteratorL, class _IteratorR, class _Container> bool __gnu_cxx::operator==(const __gnu_cxx::__normal_iterator<_IteratorL, _Container>&, const __gnu_cxx::__normal_iterator<_IteratorR, _Container>&)
../Path.cpp: In destructor ‘virtual Path::~Path()’:
../Path.cpp:88:11: error: type ‘class std::vector<std::basic_string<char> >’ argument given to ‘delete’, expected pointer
make: *** [Path.o] Error 1

**** Build Finished ****

**** Clean-only build of configuration Debug for project CommandShell ****

make clean 
rm -rf  ./Path.o ./Prompt.o ./testGetENV.o ./testPath.o ./testPrompt.o  ./Path.d ./Prompt.d ./testGetENV.d ./testPath.d ./testPrompt.d  CommandShell
 

**** Build Finished ****

**** Build of configuration Debug for project CommandShell ****

make all 
Building file: ../Path.cpp
Invoking: Cross G++ Compiler
g++ -O0 -g3 -Wall -c -fmessage-length=0 -MMD -MP -MF"Path.d" -MT"Path.d" -o "Path.o" "../Path.cpp"
../Path.cpp: In destructor ‘virtual Path::~Path()’:
../Path.cpp:88:9: error: type ‘class std::vector<std::basic_string<char> >’ argument given to ‘delete’, expected pointer
make: *** [Path.o] Error 1

**** Build Finished ****

**** Build of configuration Debug for project CommandShell ****

make all 
Building file: ../Path.cpp
Invoking: Cross G++ Compiler
g++ -O0 -g3 -Wall -c -fmessage-length=0 -MMD -MP -MF"Path.d" -MT"Path.d" -o "Path.o" "../Path.cpp"
Finished building: ../Path.cpp
 
Building file: ../Prompt.cpp
Invoking: Cross G++ Compiler
g++ -O0 -g3 -Wall -c -fmessage-length=0 -MMD -MP -MF"Prompt.d" -MT"Prompt.d" -o "Prompt.o" "../Prompt.cpp"
Finished building: ../Prompt.cpp
 
Building file: ../testGetENV.cpp
Invoking: Cross G++ Compiler
g++ -O0 -g3 -Wall -c -fmessage-length=0 -MMD -MP -MF"testGetENV.d" -MT"testGetENV.d" -o "testGetENV.o" "../testGetENV.cpp"
Finished building: ../testGetENV.cpp
 
Building file: ../testPath.cpp
Invoking: Cross G++ Compiler
g++ -O0 -g3 -Wall -c -fmessage-length=0 -MMD -MP -MF"testPath.d" -MT"testPath.d" -o "testPath.o" "../testPath.cpp"
Finished building: ../testPath.cpp
 
Building file: ../testPrompt.cpp
Invoking: Cross G++ Compiler
g++ -O0 -g3 -Wall -c -fmessage-length=0 -MMD -MP -MF"testPrompt.d" -MT"testPrompt.d" -o "testPrompt.o" "../testPrompt.cpp"
Finished building: ../testPrompt.cpp
 
Building target: CommandShell
Invoking: Cross G++ Linker
g++  -o "CommandShell"  ./Path.o ./Prompt.o ./testGetENV.o ./testPath.o ./testPrompt.o   
Finished building target: CommandShell
 

**** Build Finished ****
